[debug] [2020-04-08T12:26:36.139Z] ----------------------------------------------------------------------
[debug] [2020-04-08T12:26:36.141Z] Command:       /home/mbart/.nvm/versions/node/v13.9.0/bin/node /home/mbart/.nvm/versions/node/v13.9.0/bin/firebase emulators:start --only functions
[debug] [2020-04-08T12:26:36.142Z] CLI Version:   8.0.2
[debug] [2020-04-08T12:26:36.142Z] Platform:      linux
[debug] [2020-04-08T12:26:36.142Z] Node Version:  v13.9.0
[debug] [2020-04-08T12:26:36.142Z] Time:          Wed Apr 08 2020 14:26:36 GMT+0200 (Central European Summer Time)
[debug] [2020-04-08T12:26:36.142Z] ----------------------------------------------------------------------
[debug] [2020-04-08T12:26:36.142Z] 
[debug] [2020-04-08T12:26:36.148Z] > command requires scopes: ["email","openid","https://www.googleapis.com/auth/cloudplatformprojects.readonly","https://www.googleapis.com/auth/firebase","https://www.googleapis.com/auth/cloud-platform"]
[debug] [2020-04-08T12:26:36.148Z] > authorizing via signed-in user
[info] i  emulators: Starting emulators: functions
[debug] [2020-04-08T12:26:36.189Z] [hub] writing locator at /tmp/hub-f1-serverless.json
[info] ✔  hub: emulator hub started at http://localhost:4400
[warn] ⚠  Your requested "node" version "8" doesn't match your global version "13"
[info] ✔  functions: functions emulator started at http://localhost:5001
[info] i  functions: Watching "/home/mbart/Projects/F2020/functions" for Cloud Functions...
[debug] [2020-04-08T12:26:36.219Z] [worker-pool] addWorker(~diagnostic~) 
[debug] [2020-04-08T12:26:36.220Z] [worker-pool] Adding worker with key ~diagnostic~, total=1 
[debug] [2020-04-08T12:26:36.220Z] [worker-pool] submitWork(triggerId=) 
[debug] [2020-04-08T12:26:36.220Z] [worker-~diagnostic~-cd207b7c-56c0-4535-84e2-34661ba10cd2]: Assigning socketPath: /tmp/fire_emu_2691.sock 
[debug] [2020-04-08T12:26:36.220Z] [worker-~diagnostic~-cd207b7c-56c0-4535-84e2-34661ba10cd2]: BUSY 
[debug] [2020-04-08T12:26:36.437Z] [runtime-status] [2691] Functions runtime initialized. {"cwd":"/home/mbart/Projects/F2020/functions","node_version":"13.9.0"} 
[debug] [2020-04-08T12:26:36.438Z] [runtime-status] [2691] Disabled runtime features: undefined 
[debug] [2020-04-08T12:26:36.440Z] [runtime-status] [2691] Resolved module firebase-admin {"declared":true,"installed":true,"version":"8.10.0","resolution":"/home/mbart/Projects/F2020/node_modules/firebase-admin/lib/index.js"} 
[debug] [2020-04-08T12:26:36.441Z] [runtime-status] [2691] Resolved module firebase-functions {"declared":true,"installed":true,"version":"3.6.0","resolution":"/home/mbart/Projects/F2020/node_modules/firebase-functions/lib/index.js"} 
[debug] [2020-04-08T12:26:36.443Z] [runtime-status] [2691] Outgoing network have been stubbed. [{"name":"http","status":"mocked"},{"name":"http","status":"mocked"},{"name":"https","status":"mocked"},{"name":"https","status":"mocked"},{"name":"net","status":"mocked"}] 
[debug] [2020-04-08T12:26:36.471Z] [runtime-status] [2691] Checked functions.config() {"config":{}} 
[debug] [2020-04-08T12:26:36.472Z] [runtime-status] [2691] Resolved module firebase-functions {"declared":true,"installed":true,"version":"3.6.0","resolution":"/home/mbart/Projects/F2020/node_modules/firebase-functions/lib/index.js"} 
[debug] [2020-04-08T12:26:36.473Z] [runtime-status] [2691] Resolved module firebase-admin {"declared":true,"installed":true,"version":"8.10.0","resolution":"/home/mbart/Projects/F2020/node_modules/firebase-admin/lib/index.js"} 
[debug] [2020-04-08T12:26:36.473Z] [runtime-status] [2691] Resolved module firebase-functions {"declared":true,"installed":true,"version":"3.6.0","resolution":"/home/mbart/Projects/F2020/node_modules/firebase-functions/lib/index.js"} 
[debug] [2020-04-08T12:26:36.473Z] [runtime-status] [2691] firebase-admin has been stubbed. {"adminResolution":{"declared":true,"installed":true,"version":"8.10.0","resolution":"/home/mbart/Projects/F2020/node_modules/firebase-admin/lib/index.js"}} 
[warn] ⚠  Error: Cannot find module '/home/mbart/Projects/F2020/functions/lib/index.js'. Please verify that the package.json has a valid "main" entry
    at tryPackage (internal/modules/cjs/loader.js:315:19)
    at Function.Module._findPath (internal/modules/cjs/loader.js:703:18)
    at Function.Module._resolveFilename (internal/modules/cjs/loader.js:967:27)
    at Function.Module._load (internal/modules/cjs/loader.js:862:27)
    at Module.require (internal/modules/cjs/loader.js:1040:19)
    at require (internal/modules/cjs/helpers.js:72:18)
    at /home/mbart/.nvm/versions/node/v13.9.0/lib/node_modules/firebase-tools/lib/emulator/functionsEmulatorRuntime.js:656:33
    at Generator.next (<anonymous>)
    at fulfilled (/home/mbart/.nvm/versions/node/v13.9.0/lib/node_modules/firebase-tools/lib/emulator/functionsEmulatorRuntime.js:5:58)
    at processTicksAndRejections (internal/process/task_queues.js:97:5)
[warn] ⚠  We were unable to load your functions code. (see above)
   - It appears your code is written in Typescript, which must be compiled before emulation.
   - You may be able to run "npm run build" in your functions directory to resolve this.
[debug] [2020-04-08T12:26:36.488Z] [worker-~diagnostic~-cd207b7c-56c0-4535-84e2-34661ba10cd2]: exited 
[debug] [2020-04-08T12:26:36.488Z] [worker-~diagnostic~-cd207b7c-56c0-4535-84e2-34661ba10cd2]: FINISHED 
[debug] [2020-04-08T12:28:39.767Z] ----------------------------------------------------------------------
[debug] [2020-04-08T12:28:39.769Z] Command:       /home/mbart/.nvm/versions/node/v13.9.0/bin/node /home/mbart/.nvm/versions/node/v13.9.0/bin/firebase emulators:start
[debug] [2020-04-08T12:28:39.769Z] CLI Version:   8.0.2
[debug] [2020-04-08T12:28:39.769Z] Platform:      linux
[debug] [2020-04-08T12:28:39.770Z] Node Version:  v13.9.0
[debug] [2020-04-08T12:28:39.770Z] Time:          Wed Apr 08 2020 14:28:39 GMT+0200 (Central European Summer Time)
[debug] [2020-04-08T12:28:39.770Z] ----------------------------------------------------------------------
[debug] [2020-04-08T12:28:39.770Z] 
[debug] [2020-04-08T12:28:39.775Z] > command requires scopes: ["email","openid","https://www.googleapis.com/auth/cloudplatformprojects.readonly","https://www.googleapis.com/auth/firebase","https://www.googleapis.com/auth/cloud-platform"]
[debug] [2020-04-08T12:28:39.775Z] > authorizing via signed-in user
[info] i  emulators: Starting emulators: functions, firestore, hosting
[warn] ⚠  emulators: It seems that you are running multiple instances of the emulator suite for project f1-serverless. This may result in unexpected behavior.
[debug] [2020-04-08T12:28:39.808Z] [hub] writing locator at /tmp/hub-f1-serverless.json
[info] ✔  hub: emulator hub started at http://localhost:4400
[warn] ⚠  Your requested "node" version "8" doesn't match your global version "13"
[info] ✔  functions: functions emulator started at http://localhost:5001
[warn] ⚠  firestore: The emulator will default to allowing all reads and writes. Learn more about this option: https://firebase.google.com/docs/emulator-suite/install_and_configure#security_rules_configuration.
[debug] [2020-04-08T12:28:39.838Z] Ignoring unsupported arg: projectId
[debug] [2020-04-08T12:28:39.838Z] Ignoring unsupported arg: auto_download
[debug] [2020-04-08T12:28:39.838Z] Starting firestore emulator with command {"binary":"java","args":["-Duser.language=en","-jar","/home/mbart/.cache/firebase/emulators/cloud-firestore-emulator-v1.11.2.jar","--host","localhost","--port",8080,"--rules","/home/mbart/Projects/F2020/firestore.rules","--functions_emulator","localhost:5001"],"optionalArgs":["port","webchannel_port","host","rules","functions_emulator","seed_from_export"],"joinArgs":false}
[info] i  firestore: firestore emulator logging to firestore-debug.log
[debug] [2020-04-08T12:28:40.868Z] API endpoint: http://localhost:8080
[debug] [2020-04-08T12:28:40.869Z] 
If you are using a library that supports the FIRESTORE_EMULATOR_HOST environment variable, run:

   export FIRESTORE_EMULATOR_HOST=localhost:8080

Dev App Server is now running.


[info] ✔  firestore: firestore emulator started at http://localhost:8080
[info] i  firestore: For testing set FIRESTORE_EMULATOR_HOST=localhost:8080
[debug] [2020-04-08T12:28:41.113Z] >>> HTTP REQUEST GET https://firebase.googleapis.com/v1beta1/projects/f1-serverless/webApps/-/config  
 
[debug] [2020-04-08T12:28:42.062Z] <<< HTTP RESPONSE 200 {"content-type":"application/json; charset=UTF-8","vary":"X-Origin, Referer, Origin,Accept-Encoding","date":"Wed, 08 Apr 2020 12:28:41 GMT","server":"ESF","cache-control":"private","x-xss-protection":"0","x-frame-options":"SAMEORIGIN","x-content-type-options":"nosniff","alt-svc":"quic=\":443\"; ma=2592000; v=\"46,43\",h3-Q050=\":443\"; ma=2592000,h3-Q049=\":443\"; ma=2592000,h3-Q048=\":443\"; ma=2592000,h3-Q046=\":443\"; ma=2592000,h3-Q043=\":443\"; ma=2592000,h3-T050=\":443\"; ma=2592000","accept-ranges":"none","transfer-encoding":"chunked"}
[info] i  hosting: Serving hosting files from: dist/apps/ui
[info] ✔  hosting: Local server: http://localhost:5000
[info] i  hosting[ui]: Serving hosting files from: dist/apps/ui
[info] ✔  hosting[ui]: Local server: http://localhost:5005
[info] ✔  hosting: hosting emulator started at http://localhost:5000
[info] i  functions: Watching "/home/mbart/Projects/F2020/functions" for Cloud Functions...
[debug] [2020-04-08T12:28:42.115Z] [worker-pool] addWorker(~diagnostic~) 
[debug] [2020-04-08T12:28:42.116Z] [worker-pool] Adding worker with key ~diagnostic~, total=1 
[debug] [2020-04-08T12:28:42.116Z] [worker-pool] submitWork(triggerId=) 
[debug] [2020-04-08T12:28:42.116Z] [worker-~diagnostic~-3bc01f79-2a77-47bb-b76c-75fbed89bddf]: Assigning socketPath: /tmp/fire_emu_3019.sock 
[debug] [2020-04-08T12:28:42.117Z] [worker-~diagnostic~-3bc01f79-2a77-47bb-b76c-75fbed89bddf]: BUSY 
[debug] [2020-04-08T12:28:42.327Z] [runtime-status] [3019] Functions runtime initialized. {"cwd":"/home/mbart/Projects/F2020/functions","node_version":"13.9.0"} 
[debug] [2020-04-08T12:28:42.328Z] [runtime-status] [3019] Disabled runtime features: undefined 
[debug] [2020-04-08T12:28:42.331Z] [runtime-status] [3019] Resolved module firebase-admin {"declared":true,"installed":true,"version":"8.10.0","resolution":"/home/mbart/Projects/F2020/node_modules/firebase-admin/lib/index.js"} 
[debug] [2020-04-08T12:28:42.333Z] [runtime-status] [3019] Resolved module firebase-functions {"declared":true,"installed":true,"version":"3.6.0","resolution":"/home/mbart/Projects/F2020/node_modules/firebase-functions/lib/index.js"} 
[debug] [2020-04-08T12:28:42.335Z] [runtime-status] [3019] Outgoing network have been stubbed. [{"name":"http","status":"mocked"},{"name":"http","status":"mocked"},{"name":"https","status":"mocked"},{"name":"https","status":"mocked"},{"name":"net","status":"mocked"}] 
[debug] [2020-04-08T12:28:42.361Z] [runtime-status] [3019] Checked functions.config() {"config":{}} 
[debug] [2020-04-08T12:28:42.361Z] [runtime-status] [3019] Resolved module firebase-functions {"declared":true,"installed":true,"version":"3.6.0","resolution":"/home/mbart/Projects/F2020/node_modules/firebase-functions/lib/index.js"} 
[debug] [2020-04-08T12:28:42.362Z] [runtime-status] [3019] Resolved module firebase-admin {"declared":true,"installed":true,"version":"8.10.0","resolution":"/home/mbart/Projects/F2020/node_modules/firebase-admin/lib/index.js"} 
[debug] [2020-04-08T12:28:42.362Z] [runtime-status] [3019] Resolved module firebase-functions {"declared":true,"installed":true,"version":"3.6.0","resolution":"/home/mbart/Projects/F2020/node_modules/firebase-functions/lib/index.js"} 
[debug] [2020-04-08T12:28:42.362Z] [runtime-status] [3019] firebase-admin has been stubbed. {"adminResolution":{"declared":true,"installed":true,"version":"8.10.0","resolution":"/home/mbart/Projects/F2020/node_modules/firebase-admin/lib/index.js"}} 
[warn] ⚠  Error: Cannot find module '/home/mbart/Projects/F2020/functions/lib/index.js'. Please verify that the package.json has a valid "main" entry
    at tryPackage (internal/modules/cjs/loader.js:315:19)
    at Function.Module._findPath (internal/modules/cjs/loader.js:703:18)
    at Function.Module._resolveFilename (internal/modules/cjs/loader.js:967:27)
    at Function.Module._load (internal/modules/cjs/loader.js:862:27)
    at Module.require (internal/modules/cjs/loader.js:1040:19)
    at require (internal/modules/cjs/helpers.js:72:18)
    at /home/mbart/.nvm/versions/node/v13.9.0/lib/node_modules/firebase-tools/lib/emulator/functionsEmulatorRuntime.js:656:33
    at Generator.next (<anonymous>)
    at fulfilled (/home/mbart/.nvm/versions/node/v13.9.0/lib/node_modules/firebase-tools/lib/emulator/functionsEmulatorRuntime.js:5:58)
    at processTicksAndRejections (internal/process/task_queues.js:97:5)
[warn] ⚠  We were unable to load your functions code. (see above)
   - It appears your code is written in Typescript, which must be compiled before emulation.
   - You may be able to run "npm run build" in your functions directory to resolve this.
[debug] [2020-04-08T12:28:42.377Z] [worker-~diagnostic~-3bc01f79-2a77-47bb-b76c-75fbed89bddf]: exited 
[debug] [2020-04-08T12:28:42.378Z] [worker-~diagnostic~-3bc01f79-2a77-47bb-b76c-75fbed89bddf]: FINISHED 
